# JRE version: Java(TM) SE Runtime Environment (17.0.11+7) (build 17.0.11+7-LTS-207)
# Java VM: Java HotSpot(TM) 64-Bit Server VM (17.0.11+7-LTS-207, mixed mode, sharing, tiered, compressed oops, compressed class ptrs, g1 gc, linux-amd64)
Heap:
 garbage-first heap   total 290816K, used 167354K [0x000000060c000000, 0x0000000800000000)
  region size 4096K, 39 young (159744K), 3 survivors (12288K)
 Metaspace       used 31860K, committed 32192K, reserved 1114112K
  class space    used 3245K, committed 3392K, reserved 1048576K
GC Heap History (20 events):
Event: 1.267 GC heap before
{Heap before GC invocations=6 (full 0):
 garbage-first heap   total 69632K, used 44834K [0x000000060c000000, 0x0000000800000000)
  region size 4096K, 6 young (24576K), 1 survivors (4096K)
 Metaspace       used 29349K, committed 29632K, reserved 1114112K
  class space    used 3113K, committed 3264K, reserved 1048576K
}
Event: 1.268 GC heap after
{Heap after GC invocations=7 (full 0):
 garbage-first heap   total 69632K, used 23808K [0x000000060c000000, 0x0000000800000000)
  region size 4096K, 1 young (4096K), 1 survivors (4096K)
 Metaspace       used 29349K, committed 29632K, reserved 1114112K
  class space    used 3113K, committed 3264K, reserved 1048576K
}
Event: 1.285 GC heap before
{Heap before GC invocations=7 (full 0):
 garbage-first heap   total 69632K, used 44288K [0x000000060c000000, 0x0000000800000000)
  region size 4096K, 6 young (24576K), 1 survivors (4096K)
 Metaspace       used 29349K, committed 29632K, reserved 1114112K
  class space    used 3113K, committed 3264K, reserved 1048576K
}
Event: 1.285 GC heap after
{Heap after GC invocations=8 (full 0):
 garbage-first heap   total 69632K, used 23713K [0x000000060c000000, 0x0000000800000000)
  region size 4096K, 1 young (4096K), 1 survivors (4096K)
 Metaspace       used 29349K, committed 29632K, reserved 1114112K
  class space    used 3113K, committed 3264K, reserved 1048576K
}
Event: 1.297 GC heap before
{Heap before GC invocations=8 (full 0):
 garbage-first heap   total 69632K, used 23713K [0x000000060c000000, 0x0000000800000000)
  region size 4096K, 2 young (8192K), 1 survivors (4096K)
 Metaspace       used 29349K, committed 29632K, reserved 1114112K
  class space    used 3113K, committed 3264K, reserved 1048576K
}
Event: 1.298 GC heap after
{Heap after GC invocations=9 (full 0):
 garbage-first heap   total 69632K, used 15475K [0x000000060c000000, 0x0000000800000000)
  region size 4096K, 1 young (4096K), 1 survivors (4096K)
 Metaspace       used 29349K, committed 29632K, reserved 1114112K
  class space    used 3113K, committed 3264K, reserved 1048576K
}
Event: 1.375 GC heap before
{Heap before GC invocations=9 (full 0):
 garbage-first heap   total 69632K, used 48243K [0x000000060c000000, 0x0000000800000000)
  region size 4096K, 8 young (32768K), 1 survivors (4096K)
 Metaspace       used 29349K, committed 29632K, reserved 1114112K
  class space    used 3113K, committed 3264K, reserved 1048576K
}
Event: 1.376 GC heap after
{Heap after GC invocations=10 (full 0):
 garbage-first heap   total 69632K, used 19511K [0x000000060c000000, 0x0000000800000000)
  region size 4096K, 1 young (4096K), 1 survivors (4096K)
 Metaspace       used 29349K, committed 29632K, reserved 1114112K
  class space    used 3113K, committed 3264K, reserved 1048576K
}
Event: 1.421 GC heap before
{Heap before GC invocations=10 (full 0):
 garbage-first heap   total 69632K, used 48183K [0x000000060c000000, 0x0000000800000000)
  region size 4096K, 7 young (28672K), 1 survivors (4096K)
 Metaspace       used 29455K, committed 29696K, reserved 1114112K
  class space    used 3124K, committed 3264K, reserved 1048576K
}
Event: 1.422 GC heap after
{Heap after GC invocations=11 (full 0):
 garbage-first heap   total 290816K, used 19588K [0x000000060c000000, 0x0000000800000000)
  region size 4096K, 1 young (4096K), 1 survivors (4096K)
 Metaspace       used 29455K, committed 29696K, reserved 1114112K
  class space    used 3124K, committed 3264K, reserved 1048576K
}
Event: 2.677 GC heap before
{Heap before GC invocations=11 (full 0):
 garbage-first heap   total 290816K, used 208004K [0x000000060c000000, 0x0000000800000000)
  region size 4096K, 42 young (172032K), 1 survivors (4096K)
 Metaspace       used 30637K, committed 30976K, reserved 1114112K
  class space    used 3217K, committed 3392K, reserved 1048576K
}
Event: 2.678 GC heap after
{Heap after GC invocations=12 (full 0):
 garbage-first heap   total 290816K, used 16250K [0x000000060c000000, 0x0000000800000000)
  region size 4096K, 1 young (4096K), 1 survivors (4096K)
 Metaspace       used 30637K, committed 30976K, reserved 1114112K
  class space    used 3217K, committed 3392K, reserved 1048576K
}
Event: 2.795 GC heap before
{Heap before GC invocations=12 (full 0):
 garbage-first heap   total 290816K, used 180090K [0x000000060c000000, 0x0000000800000000)
  region size 4096K, 42 young (172032K), 1 survivors (4096K)
 Metaspace       used 30770K, committed 31104K, reserved 1114112K
  class space    used 3218K, committed 3392K, reserved 1048576K
}
Event: 2.798 GC heap after
{Heap after GC invocations=13 (full 0):
 garbage-first heap   total 290816K, used 21104K [0x000000060c000000, 0x0000000800000000)
  region size 4096K, 2 young (8192K), 2 survivors (8192K)
 Metaspace       used 30770K, committed 31104K, reserved 1114112K
  class space    used 3218K, committed 3392K, reserved 1048576K
}
Event: 10.337 GC heap before
{Heap before GC invocations=13 (full 0):
 garbage-first heap   total 290816K, used 184944K [0x000000060c000000, 0x0000000800000000)
  region size 4096K, 42 young (172032K), 2 survivors (8192K)
 Metaspace       used 31731K, committed 32064K, reserved 1114112K
  class space    used 3242K, committed 3392K, reserved 1048576K
}
Event: 10.340 GC heap after
{Heap after GC invocations=14 (full 0):
 garbage-first heap   total 290816K, used 23367K [0x000000060c000000, 0x0000000800000000)
  region size 4096K, 3 young (12288K), 3 survivors (12288K)
 Metaspace       used 31731K, committed 32064K, reserved 1114112K
  class space    used 3242K, committed 3392K, reserved 1048576K
}
Event: 34.241 GC heap before
{Heap before GC invocations=14 (full 0):
 garbage-first heap   total 290816K, used 183111K [0x000000060c000000, 0x0000000800000000)
  region size 4096K, 42 young (172032K), 3 survivors (12288K)
 Metaspace       used 31784K, committed 32064K, reserved 1114112K
  class space    used 3242K, committed 3392K, reserved 1048576K
}
Event: 34.243 GC heap after
{Heap after GC invocations=15 (full 0):
 garbage-first heap   total 290816K, used 23646K [0x000000060c000000, 0x0000000800000000)
  region size 4096K, 3 young (12288K), 3 survivors (12288K)
 Metaspace       used 31784K, committed 32064K, reserved 1114112K
  class space    used 3242K, committed 3392K, reserved 1048576K
}
Event: 58.823 GC heap before
{Heap before GC invocations=15 (full 0):
 garbage-first heap   total 290816K, used 183390K [0x000000060c000000, 0x0000000800000000)
  region size 4096K, 42 young (172032K), 3 survivors (12288K)
 Metaspace       used 31806K, committed 32064K, reserved 1114112K
  class space    used 3242K, committed 3392K, reserved 1048576K
}
Event: 58.825 GC heap after
{Heap after GC invocations=16 (full 0):
 garbage-first heap   total 290816K, used 23994K [0x000000060c000000, 0x0000000800000000)
  region size 4096K, 3 young (12288K), 3 survivors (12288K)
 Metaspace       used 31806K, committed 32064K, reserved 1114112K
  class space    used 3242K, committed 3392K, reserved 1048576K
}

