# JRE version: Java(TM) SE Runtime Environment (17.0.11+7) (build 17.0.11+7-LTS-207)
# Java VM: Java HotSpot(TM) 64-Bit Server VM (17.0.11+7-LTS-207, mixed mode, sharing, tiered, compressed oops, compressed class ptrs, g1 gc, linux-amd64)
Heap:
 garbage-first heap   total 290816K, used 146786K [0x000000060c000000, 0x0000000800000000)
  region size 4096K, 34 young (139264K), 3 survivors (12288K)
 Metaspace       used 31893K, committed 32128K, reserved 1114112K
  class space    used 3249K, committed 3392K, reserved 1048576K
GC Heap History (20 events):
Event: 1.301 GC heap before
{Heap before GC invocations=7 (full 0):
 garbage-first heap   total 69632K, used 44253K [0x000000060c000000, 0x0000000800000000)
  region size 4096K, 6 young (24576K), 1 survivors (4096K)
 Metaspace       used 29384K, committed 29696K, reserved 1114112K
  class space    used 3116K, committed 3264K, reserved 1048576K
}
Event: 1.302 GC heap after
{Heap after GC invocations=8 (full 0):
 garbage-first heap   total 69632K, used 23740K [0x000000060c000000, 0x0000000800000000)
  region size 4096K, 1 young (4096K), 1 survivors (4096K)
 Metaspace       used 29384K, committed 29696K, reserved 1114112K
  class space    used 3116K, committed 3264K, reserved 1048576K
}
Event: 1.311 GC heap before
{Heap before GC invocations=8 (full 0):
 garbage-first heap   total 69632K, used 23740K [0x000000060c000000, 0x0000000800000000)
  region size 4096K, 2 young (8192K), 1 survivors (4096K)
 Metaspace       used 29384K, committed 29696K, reserved 1114112K
  class space    used 3116K, committed 3264K, reserved 1048576K
}
Event: 1.312 GC heap after
{Heap after GC invocations=9 (full 0):
 garbage-first heap   total 69632K, used 15521K [0x000000060c000000, 0x0000000800000000)
  region size 4096K, 1 young (4096K), 1 survivors (4096K)
 Metaspace       used 29384K, committed 29696K, reserved 1114112K
  class space    used 3116K, committed 3264K, reserved 1048576K
}
Event: 1.385 GC heap before
{Heap before GC invocations=9 (full 0):
 garbage-first heap   total 69632K, used 48289K [0x000000060c000000, 0x0000000800000000)
  region size 4096K, 8 young (32768K), 1 survivors (4096K)
 Metaspace       used 29384K, committed 29696K, reserved 1114112K
  class space    used 3116K, committed 3264K, reserved 1048576K
}
Event: 1.386 GC heap after
{Heap after GC invocations=10 (full 0):
 garbage-first heap   total 69632K, used 19586K [0x000000060c000000, 0x0000000800000000)
  region size 4096K, 1 young (4096K), 1 survivors (4096K)
 Metaspace       used 29384K, committed 29696K, reserved 1114112K
  class space    used 3116K, committed 3264K, reserved 1048576K
}
Event: 1.420 GC heap before
{Heap before GC invocations=10 (full 0):
 garbage-first heap   total 69632K, used 48258K [0x000000060c000000, 0x0000000800000000)
  region size 4096K, 7 young (28672K), 1 survivors (4096K)
 Metaspace       used 29489K, committed 29760K, reserved 1114112K
  class space    used 3127K, committed 3264K, reserved 1048576K
}
Event: 1.421 GC heap after
{Heap after GC invocations=11 (full 0):
 garbage-first heap   total 69632K, used 19583K [0x000000060c000000, 0x0000000800000000)
  region size 4096K, 1 young (4096K), 1 survivors (4096K)
 Metaspace       used 29489K, committed 29760K, reserved 1114112K
  class space    used 3127K, committed 3264K, reserved 1048576K
}
Event: 1.454 GC heap before
{Heap before GC invocations=11 (full 0):
 garbage-first heap   total 69632K, used 52351K [0x000000060c000000, 0x0000000800000000)
  region size 4096K, 8 young (32768K), 1 survivors (4096K)
 Metaspace       used 29489K, committed 29760K, reserved 1114112K
  class space    used 3127K, committed 3264K, reserved 1048576K
}
Event: 1.455 GC heap after
{Heap after GC invocations=12 (full 0):
 garbage-first heap   total 290816K, used 19602K [0x000000060c000000, 0x0000000800000000)
  region size 4096K, 1 young (4096K), 1 survivors (4096K)
 Metaspace       used 29489K, committed 29760K, reserved 1114112K
  class space    used 3127K, committed 3264K, reserved 1048576K
}
Event: 2.707 GC heap before
{Heap before GC invocations=12 (full 0):
 garbage-first heap   total 290816K, used 203922K [0x000000060c000000, 0x0000000800000000)
  region size 4096K, 42 young (172032K), 1 survivors (4096K)
 Metaspace       used 30730K, committed 31104K, reserved 1114112K
  class space    used 3218K, committed 3392K, reserved 1048576K
}
Event: 2.709 GC heap after
{Heap after GC invocations=13 (full 0):
 garbage-first heap   total 290816K, used 19088K [0x000000060c000000, 0x0000000800000000)
  region size 4096K, 2 young (8192K), 2 survivors (8192K)
 Metaspace       used 30730K, committed 31104K, reserved 1114112K
  class space    used 3218K, committed 3392K, reserved 1048576K
}
Event: 2.811 GC heap before
{Heap before GC invocations=13 (full 0):
 garbage-first heap   total 290816K, used 182928K [0x000000060c000000, 0x0000000800000000)
  region size 4096K, 42 young (172032K), 2 survivors (8192K)
 Metaspace       used 30800K, committed 31104K, reserved 1114112K
  class space    used 3219K, committed 3392K, reserved 1048576K
}
Event: 2.816 GC heap after
{Heap after GC invocations=14 (full 0):
 garbage-first heap   total 290816K, used 21610K [0x000000060c000000, 0x0000000800000000)
  region size 4096K, 2 young (8192K), 2 survivors (8192K)
 Metaspace       used 30800K, committed 31104K, reserved 1114112K
  class space    used 3219K, committed 3392K, reserved 1048576K
}
Event: 13.125 GC heap before
{Heap before GC invocations=14 (full 0):
 garbage-first heap   total 290816K, used 185450K [0x000000060c000000, 0x0000000800000000)
  region size 4096K, 42 young (172032K), 2 survivors (8192K)
 Metaspace       used 31757K, committed 32064K, reserved 1114112K
  class space    used 3242K, committed 3392K, reserved 1048576K
}
Event: 13.127 GC heap after
{Heap after GC invocations=15 (full 0):
 garbage-first heap   total 290816K, used 23337K [0x000000060c000000, 0x0000000800000000)
  region size 4096K, 3 young (12288K), 3 survivors (12288K)
 Metaspace       used 31757K, committed 32064K, reserved 1114112K
  class space    used 3242K, committed 3392K, reserved 1048576K
}
Event: 38.725 GC heap before
{Heap before GC invocations=15 (full 0):
 garbage-first heap   total 290816K, used 183081K [0x000000060c000000, 0x0000000800000000)
  region size 4096K, 42 young (172032K), 3 survivors (12288K)
 Metaspace       used 31807K, committed 32128K, reserved 1114112K
  class space    used 3242K, committed 3392K, reserved 1048576K
}
Event: 38.726 GC heap after
{Heap after GC invocations=16 (full 0):
 garbage-first heap   total 290816K, used 23581K [0x000000060c000000, 0x0000000800000000)
  region size 4096K, 3 young (12288K), 3 survivors (12288K)
 Metaspace       used 31807K, committed 32128K, reserved 1114112K
  class space    used 3242K, committed 3392K, reserved 1048576K
}
Event: 62.718 GC heap before
{Heap before GC invocations=16 (full 0):
 garbage-first heap   total 290816K, used 183325K [0x000000060c000000, 0x0000000800000000)
  region size 4096K, 42 young (172032K), 3 survivors (12288K)
 Metaspace       used 31831K, committed 32128K, reserved 1114112K
  class space    used 3242K, committed 3392K, reserved 1048576K
}
Event: 62.719 GC heap after
{Heap after GC invocations=17 (full 0):
 garbage-first heap   total 290816K, used 23906K [0x000000060c000000, 0x0000000800000000)
  region size 4096K, 3 young (12288K), 3 survivors (12288K)
 Metaspace       used 31831K, committed 32128K, reserved 1114112K
  class space    used 3242K, committed 3392K, reserved 1048576K
}

