# JRE version: Java(TM) SE Runtime Environment (17.0.11+7) (build 17.0.11+7-LTS-207)
# Java VM: Java HotSpot(TM) 64-Bit Server VM (17.0.11+7-LTS-207, mixed mode, sharing, tiered, compressed oops, compressed class ptrs, g1 gc, linux-amd64)
Heap:
 garbage-first heap   total 290816K, used 176737K [0x000000060c000000, 0x0000000800000000)
  region size 4096K, 41 young (167936K), 2 survivors (8192K)
 Metaspace       used 31719K, committed 32000K, reserved 1114112K
  class space    used 3247K, committed 3392K, reserved 1048576K
GC Heap History (20 events):
Event: 1.143 GC heap before
{Heap before GC invocations=4 (full 0):
 garbage-first heap   total 69632K, used 39580K [0x000000060c000000, 0x0000000800000000)
  region size 4096K, 10 young (40960K), 1 survivors (4096K)
 Metaspace       used 29181K, committed 29504K, reserved 1114112K
  class space    used 3092K, committed 3264K, reserved 1048576K
}
Event: 1.145 GC heap after
{Heap after GC invocations=5 (full 0):
 garbage-first heap   total 69632K, used 14716K [0x000000060c000000, 0x0000000800000000)
  region size 4096K, 2 young (8192K), 2 survivors (8192K)
 Metaspace       used 29181K, committed 29504K, reserved 1114112K
  class space    used 3092K, committed 3264K, reserved 1048576K
}
Event: 1.221 GC heap before
{Heap before GC invocations=5 (full 0):
 garbage-first heap   total 69632K, used 43388K [0x000000060c000000, 0x0000000800000000)
  region size 4096K, 8 young (32768K), 2 survivors (8192K)
 Metaspace       used 29409K, committed 29696K, reserved 1114112K
  class space    used 3118K, committed 3264K, reserved 1048576K
}
Event: 1.223 GC heap after
{Heap after GC invocations=6 (full 0):
 garbage-first heap   total 69632K, used 24270K [0x000000060c000000, 0x0000000800000000)
  region size 4096K, 1 young (4096K), 1 survivors (4096K)
 Metaspace       used 29409K, committed 29696K, reserved 1114112K
  class space    used 3118K, committed 3264K, reserved 1048576K
}
Event: 1.301 GC heap before
{Heap before GC invocations=6 (full 0):
 garbage-first heap   total 69632K, used 44750K [0x000000060c000000, 0x0000000800000000)
  region size 4096K, 6 young (24576K), 1 survivors (4096K)
 Metaspace       used 29413K, committed 29696K, reserved 1114112K
  class space    used 3118K, committed 3264K, reserved 1048576K
}
Event: 1.302 GC heap after
{Heap after GC invocations=7 (full 0):
 garbage-first heap   total 69632K, used 23895K [0x000000060c000000, 0x0000000800000000)
  region size 4096K, 1 young (4096K), 1 survivors (4096K)
 Metaspace       used 29413K, committed 29696K, reserved 1114112K
  class space    used 3118K, committed 3264K, reserved 1048576K
}
Event: 1.317 GC heap before
{Heap before GC invocations=7 (full 0):
 garbage-first heap   total 69632K, used 44375K [0x000000060c000000, 0x0000000800000000)
  region size 4096K, 6 young (24576K), 1 survivors (4096K)
 Metaspace       used 29413K, committed 29696K, reserved 1114112K
  class space    used 3118K, committed 3264K, reserved 1048576K
}
Event: 1.317 GC heap after
{Heap after GC invocations=8 (full 0):
 garbage-first heap   total 69632K, used 23768K [0x000000060c000000, 0x0000000800000000)
  region size 4096K, 1 young (4096K), 1 survivors (4096K)
 Metaspace       used 29413K, committed 29696K, reserved 1114112K
  class space    used 3118K, committed 3264K, reserved 1048576K
}
Event: 1.328 GC heap before
{Heap before GC invocations=8 (full 0):
 garbage-first heap   total 69632K, used 23768K [0x000000060c000000, 0x0000000800000000)
  region size 4096K, 2 young (8192K), 1 survivors (4096K)
 Metaspace       used 29413K, committed 29696K, reserved 1114112K
  class space    used 3118K, committed 3264K, reserved 1048576K
}
Event: 1.329 GC heap after
{Heap after GC invocations=9 (full 0):
 garbage-first heap   total 69632K, used 15556K [0x000000060c000000, 0x0000000800000000)
  region size 4096K, 1 young (4096K), 1 survivors (4096K)
 Metaspace       used 29413K, committed 29696K, reserved 1114112K
  class space    used 3118K, committed 3264K, reserved 1048576K
}
Event: 1.401 GC heap before
{Heap before GC invocations=9 (full 0):
 garbage-first heap   total 69632K, used 52420K [0x000000060c000000, 0x0000000800000000)
  region size 4096K, 8 young (32768K), 1 survivors (4096K)
 Metaspace       used 29413K, committed 29696K, reserved 1114112K
  class space    used 3118K, committed 3264K, reserved 1048576K
}
Event: 1.402 GC heap after
{Heap after GC invocations=10 (full 0):
 garbage-first heap   total 69632K, used 23672K [0x000000060c000000, 0x0000000800000000)
  region size 4096K, 1 young (4096K), 1 survivors (4096K)
 Metaspace       used 29413K, committed 29696K, reserved 1114112K
  class space    used 3118K, committed 3264K, reserved 1048576K
}
Event: 1.423 GC heap before
{Heap before GC invocations=10 (full 0):
 garbage-first heap   total 69632K, used 35960K [0x000000060c000000, 0x0000000800000000)
  region size 4096K, 5 young (20480K), 1 survivors (4096K)
 Metaspace       used 29513K, committed 29760K, reserved 1114112K
  class space    used 3130K, committed 3264K, reserved 1048576K
}
Event: 1.424 GC heap after
{Heap after GC invocations=11 (full 0):
 garbage-first heap   total 69632K, used 15541K [0x000000060c000000, 0x0000000800000000)
  region size 4096K, 1 young (4096K), 1 survivors (4096K)
 Metaspace       used 29513K, committed 29760K, reserved 1114112K
  class space    used 3130K, committed 3264K, reserved 1048576K
}
Event: 1.467 GC heap before
{Heap before GC invocations=11 (full 0):
 garbage-first heap   total 69632K, used 52405K [0x000000060c000000, 0x0000000800000000)
  region size 4096K, 9 young (36864K), 1 survivors (4096K)
 Metaspace       used 29519K, committed 29760K, reserved 1114112K
  class space    used 3130K, committed 3264K, reserved 1048576K
}
Event: 1.468 GC heap after
{Heap after GC invocations=12 (full 0):
 garbage-first heap   total 290816K, used 19627K [0x000000060c000000, 0x0000000800000000)
  region size 4096K, 1 young (4096K), 1 survivors (4096K)
 Metaspace       used 29519K, committed 29760K, reserved 1114112K
  class space    used 3130K, committed 3264K, reserved 1048576K
}
Event: 2.680 GC heap before
{Heap before GC invocations=12 (full 0):
 garbage-first heap   total 290816K, used 203947K [0x000000060c000000, 0x0000000800000000)
  region size 4096K, 42 young (172032K), 1 survivors (4096K)
 Metaspace       used 30710K, committed 31040K, reserved 1114112K
  class space    used 3221K, committed 3392K, reserved 1048576K
}
Event: 2.681 GC heap after
{Heap after GC invocations=13 (full 0):
 garbage-first heap   total 290816K, used 16929K [0x000000060c000000, 0x0000000800000000)
  region size 4096K, 1 young (4096K), 1 survivors (4096K)
 Metaspace       used 30710K, committed 31040K, reserved 1114112K
  class space    used 3221K, committed 3392K, reserved 1048576K
}
Event: 2.802 GC heap before
{Heap before GC invocations=13 (full 0):
 garbage-first heap   total 290816K, used 180769K [0x000000060c000000, 0x0000000800000000)
  region size 4096K, 42 young (172032K), 1 survivors (4096K)
 Metaspace       used 30837K, committed 31168K, reserved 1114112K
  class space    used 3223K, committed 3392K, reserved 1048576K
}
Event: 2.804 GC heap after
{Heap after GC invocations=14 (full 0):
 garbage-first heap   total 290816K, used 21089K [0x000000060c000000, 0x0000000800000000)
  region size 4096K, 2 young (8192K), 2 survivors (8192K)
 Metaspace       used 30837K, committed 31168K, reserved 1114112K
  class space    used 3223K, committed 3392K, reserved 1048576K
}

